# JRE version: OpenJDK Runtime Environment (8.0_242) (build 1.8.0_242-release-1644-b3-6222593)
# Java VM: OpenJDK 64-Bit Server VM (25.242-b3-6222593 mixed mode linux-amd64 compressed oops)
Heap:
 PSYoungGen      total 192000K, used 31118K [0x00000000d5580000, 0x00000000eaa00000, 0x0000000100000000)
  eden space 184320K, 16% used [0x00000000d5580000,0x00000000d73e3858,0x00000000e0980000)
  from space 7680K, 0% used [0x00000000e0980000,0x00000000e0980000,0x00000000e1100000)
  to   space 18432K, 0% used [0x00000000e9800000,0x00000000e9800000,0x00000000eaa00000)
 ParOldGen       total 121856K, used 23078K [0x0000000080000000, 0x0000000087700000, 0x00000000d5580000)
  object space 121856K, 18% used [0x0000000080000000,0x00000000816898e0,0x0000000087700000)
 Metaspace       used 35475K, capacity 36628K, committed 36648K, reserved 1081344K
  class space    used 4882K, capacity 5167K, committed 5168K, reserved 1048576K
GC Heap History (10 events):
Event: 7.684 GC heap before
{Heap before GC invocations=3 (full 0):
 PSYoungGen      total 99840K, used 99141K [0x00000000d5580000, 0x00000000dbe80000, 0x0000000100000000)
  eden space 92160K, 100% used [0x00000000d5580000,0x00000000daf80000,0x00000000daf80000)
  from space 7680K, 90% used [0x00000000db700000,0x00000000dbdd1420,0x00000000dbe80000)
  to   space 7680K, 0% used [0x00000000daf80000,0x00000000daf80000,0x00000000db700000)
 ParOldGen       total 122880K, used 16K [0x0000000080000000, 0x0000000087800000, 0x00000000d5580000)
  object space 122880K, 0% used [0x0000000080000000,0x0000000080004000,0x0000000087800000)
 Metaspace       used 20210K, capacity 20830K, committed 20992K, reserved 1067008K
  class space    used 2830K, capacity 3019K, committed 3072K, reserved 1048576K
Event: 7.714 GC heap after
Heap after GC invocations=3 (full 0):
 PSYoungGen      total 99840K, used 7672K [0x00000000d5580000, 0x00000000e1880000, 0x0000000100000000)
  eden space 92160K, 0% used [0x00000000d5580000,0x00000000d5580000,0x00000000daf80000)
  from space 7680K, 99% used [0x00000000daf80000,0x00000000db6fe3d0,0x00000000db700000)
  to   space 7680K, 0% used [0x00000000e1100000,0x00000000e1100000,0x00000000e1880000)
 ParOldGen       total 122880K, used 6168K [0x0000000080000000, 0x0000000087800000, 0x00000000d5580000)
  object space 122880K, 5% used [0x0000000080000000,0x0000000080606358,0x0000000087800000)
 Metaspace       used 20210K, capacity 20830K, committed 20992K, reserved 1067008K
  class space    used 2830K, capacity 3019K, committed 3072K, reserved 1048576K
}
Event: 7.881 GC heap before
{Heap before GC invocations=4 (full 0):
 PSYoungGen      total 99840K, used 15363K [0x00000000d5580000, 0x00000000e1880000, 0x0000000100000000)
  eden space 92160K, 8% used [0x00000000d5580000,0x00000000d5d02bc0,0x00000000daf80000)
  from space 7680K, 99% used [0x00000000daf80000,0x00000000db6fe3d0,0x00000000db700000)
  to   space 7680K, 0% used [0x00000000e1100000,0x00000000e1100000,0x00000000e1880000)
 ParOldGen       total 122880K, used 6168K [0x0000000080000000, 0x0000000087800000, 0x00000000d5580000)
  object space 122880K, 5% used [0x0000000080000000,0x0000000080606358,0x0000000087800000)
 Metaspace       used 20616K, capacity 21214K, committed 21296K, reserved 1067008K
  class space    used 2892K, capacity 3083K, committed 3120K, reserved 1048576K
Event: 7.900 GC heap after
Heap after GC invocations=4 (full 0):
 PSYoungGen      total 192000K, used 7320K [0x00000000d5580000, 0x00000000e1880000, 0x0000000100000000)
  eden space 184320K, 0% used [0x00000000d5580000,0x00000000d5580000,0x00000000e0980000)
  from space 7680K, 95% used [0x00000000e1100000,0x00000000e1826000,0x00000000e1880000)
  to   space 7680K, 0% used [0x00000000e0980000,0x00000000e0980000,0x00000000e1100000)
 ParOldGen       total 122880K, used 6176K [0x0000000080000000, 0x0000000087800000, 0x00000000d5580000)
  object space 122880K, 5% used [0x0000000080000000,0x0000000080608358,0x0000000087800000)
 Metaspace       used 20616K, capacity 21214K, committed 21296K, reserved 1067008K
  class space    used 2892K, capacity 3083K, committed 3120K, reserved 1048576K
}
Event: 7.900 GC heap before
{Heap before GC invocations=5 (full 1):
 PSYoungGen      total 192000K, used 7320K [0x00000000d5580000, 0x00000000e1880000, 0x0000000100000000)
  eden space 184320K, 0% used [0x00000000d5580000,0x00000000d5580000,0x00000000e0980000)
  from space 7680K, 95% used [0x00000000e1100000,0x00000000e1826000,0x00000000e1880000)
  to   space 7680K, 0% used [0x00000000e0980000,0x00000000e0980000,0x00000000e1100000)
 ParOldGen       total 122880K, used 6176K [0x0000000080000000, 0x0000000087800000, 0x00000000d5580000)
  object space 122880K, 5% used [0x0000000080000000,0x0000000080608358,0x0000000087800000)
 Metaspace       used 20616K, capacity 21214K, committed 21296K, reserved 1067008K
  class space    used 2892K, capacity 3083K, committed 3120K, reserved 1048576K
Event: 7.996 GC heap after
Heap after GC invocations=5 (full 1):
 PSYoungGen      total 192000K, used 0K [0x00000000d5580000, 0x00000000e1880000, 0x0000000100000000)
  eden space 184320K, 0% used [0x00000000d5580000,0x00000000d5580000,0x00000000e0980000)
  from space 7680K, 0% used [0x00000000e1100000,0x00000000e1100000,0x00000000e1880000)
  to   space 7680K, 0% used [0x00000000e0980000,0x00000000e0980000,0x00000000e1100000)
 ParOldGen       total 72192K, used 7648K [0x0000000080000000, 0x0000000084680000, 0x00000000d5580000)
  object space 72192K, 10% used [0x0000000080000000,0x00000000807783a0,0x0000000084680000)
 Metaspace       used 20616K, capacity 21214K, committed 21296K, reserved 1067008K
  class space    used 2892K, capacity 3083K, committed 3120K, reserved 1048576K
}
Event: 16.138 GC heap before
{Heap before GC invocations=6 (full 1):
 PSYoungGen      total 192000K, used 184141K [0x00000000d5580000, 0x00000000e1880000, 0x0000000100000000)
  eden space 184320K, 99% used [0x00000000d5580000,0x00000000e0953558,0x00000000e0980000)
  from space 7680K, 0% used [0x00000000e1100000,0x00000000e1100000,0x00000000e1880000)
  to   space 7680K, 0% used [0x00000000e0980000,0x00000000e0980000,0x00000000e1100000)
 ParOldGen       total 72192K, used 7648K [0x0000000080000000, 0x0000000084680000, 0x00000000d5580000)
  object space 72192K, 10% used [0x0000000080000000,0x00000000807783a0,0x0000000084680000)
 Metaspace       used 34567K, capacity 35432K, committed 35496K, reserved 1079296K
  class space    used 4729K, capacity 4977K, committed 5040K, reserved 1048576K
Event: 16.188 GC heap after
Heap after GC invocations=6 (full 1):
 PSYoungGen      total 192000K, used 7680K [0x00000000d5580000, 0x00000000eaa00000, 0x0000000100000000)
  eden space 184320K, 0% used [0x00000000d5580000,0x00000000d5580000,0x00000000e0980000)
  from space 7680K, 100% used [0x00000000e0980000,0x00000000e1100000,0x00000000e1100000)
  to   space 18432K, 0% used [0x00000000e9800000,0x00000000e9800000,0x00000000eaa00000)
 ParOldGen       total 72192K, used 16956K [0x0000000080000000, 0x0000000084680000, 0x00000000d5580000)
  object space 72192K, 23% used [0x0000000080000000,0x000000008108f1b8,0x0000000084680000)
 Metaspace       used 34567K, capacity 35432K, committed 35496K, reserved 1079296K
  class space    used 4729K, capacity 4977K, committed 5040K, reserved 1048576K
}
Event: 16.188 GC heap before
{Heap before GC invocations=7 (full 2):
 PSYoungGen      total 192000K, used 7680K [0x00000000d5580000, 0x00000000eaa00000, 0x0000000100000000)
  eden space 184320K, 0% used [0x00000000d5580000,0x00000000d5580000,0x00000000e0980000)
  from space 7680K, 100% used [0x00000000e0980000,0x00000000e1100000,0x00000000e1100000)
  to   space 18432K, 0% used [0x00000000e9800000,0x00000000e9800000,0x00000000eaa00000)
 ParOldGen       total 72192K, used 16956K [0x0000000080000000, 0x0000000084680000, 0x00000000d5580000)
  object space 72192K, 23% used [0x0000000080000000,0x000000008108f1b8,0x0000000084680000)
 Metaspace       used 34567K, capacity 35432K, committed 35496K, reserved 1079296K
  class space    used 4729K, capacity 4977K, committed 5040K, reserved 1048576K
Event: 16.573 GC heap after
Heap after GC invocations=7 (full 2):
 PSYoungGen      total 192000K, used 0K [0x00000000d5580000, 0x00000000eaa00000, 0x0000000100000000)
  eden space 184320K, 0% used [0x00000000d5580000,0x00000000d5580000,0x00000000e0980000)
  from space 7680K, 0% used [0x00000000e0980000,0x00000000e0980000,0x00000000e1100000)
  to   space 18432K, 0% used [0x00000000e9800000,0x00000000e9800000,0x00000000eaa00000)
 ParOldGen       total 121856K, used 23078K [0x0000000080000000, 0x0000000087700000, 0x00000000d5580000)
  object space 121856K, 18% used [0x0000000080000000,0x00000000816898e0,0x0000000087700000)
 Metaspace       used 34567K, capacity 35432K, committed 35496K, reserved 1079296K
  class space    used 4729K, capacity 4977K, committed 5040K, reserved 1048576K
}

