# JRE version: OpenJDK Runtime Environment (8.0_242) (build 1.8.0_242-release-1644-b3-6222593)
# Java VM: OpenJDK 64-Bit Server VM (25.242-b3-6222593 mixed mode linux-amd64 compressed oops)
Heap:
 PSYoungGen      total 194048K, used 181760K [0x00000000d5580000, 0x00000000e8b00000, 0x0000000100000000)
  eden space 181760K, 100% used [0x00000000d5580000,0x00000000e0700000,0x00000000e0700000)
  from space 12288K, 0% used [0x00000000e0700000,0x00000000e0700000,0x00000000e1300000)
  to   space 13312K, 73% used [0x00000000e7e00000,0x00000000e8797340,0x00000000e8b00000)
 ParOldGen       total 95744K, used 17293K [0x0000000080000000, 0x0000000085d80000, 0x00000000d5580000)
  object space 95744K, 18% used [0x0000000080000000,0x00000000810e35c0,0x0000000085d80000)
 Metaspace       used 49884K, capacity 51486K, committed 51624K, reserved 1093632K
  class space    used 6689K, capacity 7052K, committed 7088K, reserved 1048576K
GC Heap History (10 events):
Event: 12.756 GC heap after
Heap after GC invocations=5 (full 0):
 PSYoungGen      total 99840K, used 7192K [0x00000000d5580000, 0x00000000e1f80000, 0x0000000100000000)
  eden space 92160K, 0% used [0x00000000d5580000,0x00000000d5580000,0x00000000daf80000)
  from space 7680K, 93% used [0x00000000daf80000,0x00000000db686000,0x00000000db700000)
  to   space 11264K, 0% used [0x00000000e1480000,0x00000000e1480000,0x00000000e1f80000)
 ParOldGen       total 122880K, used 3795K [0x0000000080000000, 0x0000000087800000, 0x00000000d5580000)
  object space 122880K, 3% used [0x0000000080000000,0x00000000803b4f18,0x0000000087800000)
 Metaspace       used 20547K, capacity 21210K, committed 21296K, reserved 1067008K
  class space    used 2880K, capacity 3083K, committed 3120K, reserved 1048576K
}
Event: 12.756 GC heap before
{Heap before GC invocations=6 (full 1):
 PSYoungGen      total 99840K, used 7192K [0x00000000d5580000, 0x00000000e1f80000, 0x0000000100000000)
  eden space 92160K, 0% used [0x00000000d5580000,0x00000000d5580000,0x00000000daf80000)
  from space 7680K, 93% used [0x00000000daf80000,0x00000000db686000,0x00000000db700000)
  to   space 11264K, 0% used [0x00000000e1480000,0x00000000e1480000,0x00000000e1f80000)
 ParOldGen       total 122880K, used 3795K [0x0000000080000000, 0x0000000087800000, 0x00000000d5580000)
  object space 122880K, 3% used [0x0000000080000000,0x00000000803b4f18,0x0000000087800000)
 Metaspace       used 20547K, capacity 21210K, committed 21296K, reserved 1067008K
  class space    used 2880K, capacity 3083K, committed 3120K, reserved 1048576K
Event: 12.906 GC heap after
Heap after GC invocations=6 (full 1):
 PSYoungGen      total 99840K, used 0K [0x00000000d5580000, 0x00000000e1f80000, 0x0000000100000000)
  eden space 92160K, 0% used [0x00000000d5580000,0x00000000d5580000,0x00000000daf80000)
  from space 7680K, 0% used [0x00000000daf80000,0x00000000daf80000,0x00000000db700000)
  to   space 11264K, 0% used [0x00000000e1480000,0x00000000e1480000,0x00000000e1f80000)
 ParOldGen       total 65024K, used 7548K [0x0000000080000000, 0x0000000083f80000, 0x00000000d5580000)
  object space 65024K, 11% used [0x0000000080000000,0x000000008075f060,0x0000000083f80000)
 Metaspace       used 20547K, capacity 21210K, committed 21296K, reserved 1067008K
  class space    used 2880K, capacity 3083K, committed 3120K, reserved 1048576K
}
Event: 18.325 GC heap before
{Heap before GC invocations=7 (full 1):
 PSYoungGen      total 99840K, used 92160K [0x00000000d5580000, 0x00000000e1f80000, 0x0000000100000000)
  eden space 92160K, 100% used [0x00000000d5580000,0x00000000daf80000,0x00000000daf80000)
  from space 7680K, 0% used [0x00000000daf80000,0x00000000daf80000,0x00000000db700000)
  to   space 11264K, 0% used [0x00000000e1480000,0x00000000e1480000,0x00000000e1f80000)
 ParOldGen       total 65024K, used 7548K [0x0000000080000000, 0x0000000083f80000, 0x00000000d5580000)
  object space 65024K, 11% used [0x0000000080000000,0x000000008075f060,0x0000000083f80000)
 Metaspace       used 30488K, capacity 31186K, committed 31536K, reserved 1077248K
  class space    used 4144K, capacity 4364K, committed 4400K, reserved 1048576K
Event: 18.381 GC heap after
Heap after GC invocations=7 (full 1):
 PSYoungGen      total 176128K, used 10474K [0x00000000d5580000, 0x00000000e1f00000, 0x0000000100000000)
  eden space 165376K, 0% used [0x00000000d5580000,0x00000000d5580000,0x00000000df700000)
  from space 10752K, 97% used [0x00000000e1480000,0x00000000e1eba8f0,0x00000000e1f00000)
  to   space 12288K, 0% used [0x00000000e0700000,0x00000000e0700000,0x00000000e1300000)
 ParOldGen       total 65024K, used 7556K [0x0000000080000000, 0x0000000083f80000, 0x00000000d5580000)
  object space 65024K, 11% used [0x0000000080000000,0x0000000080761060,0x0000000083f80000)
 Metaspace       used 30488K, capacity 31186K, committed 31536K, reserved 1077248K
  class space    used 4144K, capacity 4364K, committed 4400K, reserved 1048576K
}
Event: 24.341 GC heap before
{Heap before GC invocations=8 (full 1):
 PSYoungGen      total 176128K, used 102136K [0x00000000d5580000, 0x00000000e1f00000, 0x0000000100000000)
  eden space 165376K, 55% used [0x00000000d5580000,0x00000000daf037f0,0x00000000df700000)
  from space 10752K, 97% used [0x00000000e1480000,0x00000000e1eba8f0,0x00000000e1f00000)
  to   space 12288K, 0% used [0x00000000e0700000,0x00000000e0700000,0x00000000e1300000)
 ParOldGen       total 65024K, used 7556K [0x0000000080000000, 0x0000000083f80000, 0x00000000d5580000)
  object space 65024K, 11% used [0x0000000080000000,0x0000000080761060,0x0000000083f80000)
 Metaspace       used 34562K, capacity 35466K, committed 35496K, reserved 1079296K
  class space    used 4737K, capacity 5010K, committed 5040K, reserved 1048576K
Event: 24.409 GC heap after
Heap after GC invocations=8 (full 1):
 PSYoungGen      total 194048K, used 10999K [0x00000000d5580000, 0x00000000e8b00000, 0x0000000100000000)
  eden space 181760K, 0% used [0x00000000d5580000,0x00000000d5580000,0x00000000e0700000)
  from space 12288K, 89% used [0x00000000e0700000,0x00000000e11bdf08,0x00000000e1300000)
  to   space 13312K, 0% used [0x00000000e7e00000,0x00000000e7e00000,0x00000000e8b00000)
 ParOldGen       total 65024K, used 7564K [0x0000000080000000, 0x0000000083f80000, 0x00000000d5580000)
  object space 65024K, 11% used [0x0000000080000000,0x0000000080763060,0x0000000083f80000)
 Metaspace       used 34562K, capacity 35466K, committed 35496K, reserved 1079296K
  class space    used 4737K, capacity 5010K, committed 5040K, reserved 1048576K
}
Event: 24.409 GC heap before
{Heap before GC invocations=9 (full 2):
 PSYoungGen      total 194048K, used 10999K [0x00000000d5580000, 0x00000000e8b00000, 0x0000000100000000)
  eden space 181760K, 0% used [0x00000000d5580000,0x00000000d5580000,0x00000000e0700000)
  from space 12288K, 89% used [0x00000000e0700000,0x00000000e11bdf08,0x00000000e1300000)
  to   space 13312K, 0% used [0x00000000e7e00000,0x00000000e7e00000,0x00000000e8b00000)
 ParOldGen       total 65024K, used 7564K [0x0000000080000000, 0x0000000083f80000, 0x00000000d5580000)
  object space 65024K, 11% used [0x0000000080000000,0x0000000080763060,0x0000000083f80000)
 Metaspace       used 34562K, capacity 35466K, committed 35496K, reserved 1079296K
  class space    used 4737K, capacity 5010K, committed 5040K, reserved 1048576K
Event: 24.823 GC heap after
Heap after GC invocations=9 (full 2):
 PSYoungGen      total 194048K, used 0K [0x00000000d5580000, 0x00000000e8b00000, 0x0000000100000000)
  eden space 181760K, 0% used [0x00000000d5580000,0x00000000d5580000,0x00000000e0700000)
  from space 12288K, 0% used [0x00000000e0700000,0x00000000e0700000,0x00000000e1300000)
  to   space 13312K, 0% used [0x00000000e7e00000,0x00000000e7e00000,0x00000000e8b00000)
 ParOldGen       total 95744K, used 17293K [0x0000000080000000, 0x0000000085d80000, 0x00000000d5580000)
  object space 95744K, 18% used [0x0000000080000000,0x00000000810e35c0,0x0000000085d80000)
 Metaspace       used 34562K, capacity 35466K, committed 35496K, reserved 1079296K
  class space    used 4737K, capacity 5010K, committed 5040K, reserved 1048576K
}
Event: 37.157 GC heap before
{Heap before GC invocations=10 (full 2):
 PSYoungGen      total 194048K, used 181760K [0x00000000d5580000, 0x00000000e8b00000, 0x0000000100000000)
  eden space 181760K, 100% used [0x00000000d5580000,0x00000000e0700000,0x00000000e0700000)
  from space 12288K, 0% used [0x00000000e0700000,0x00000000e0700000,0x00000000e1300000)
  to   space 13312K, 0% used [0x00000000e7e00000,0x00000000e7e00000,0x00000000e8b00000)
 ParOldGen       total 95744K, used 17293K [0x0000000080000000, 0x0000000085d80000, 0x00000000d5580000)
  object space 95744K, 18% used [0x0000000080000000,0x00000000810e35c0,0x0000000085d80000)
 Metaspace       used 49884K, capacity 51486K, committed 51624K, reserved 1093632K
  class space    used 6689K, capacity 7052K, committed 7088K, reserved 1048576K

